<?xml version="1.0" encoding="UTF-8"?>
<!-- Generated by org.testng.reporters.JUnitReportReporter -->
<testsuite skipped="0" hostname="Acer-PC" name="TestNG.SanpdealTestNG" tests="4" failures="0" timestamp="30 Aug 2019 06:52:24 GMT" time="104.432" errors="0">
  <testcase name="ApplicationLogin" time="53.214" classname="TestNG.SanpdealTestNG"/>
  <testcase name="SearchItem" time="16.493" classname="TestNG.SanpdealTestNG"/>
  <testcase name="AddtoCart" time="17.993" classname="TestNG.SanpdealTestNG"/>
  <testcase name="Logout" time="16.732" classname="TestNG.SanpdealTestNG"/>
</testsuite> <!-- TestNG.SanpdealTestNG -->
