<?xml version="1.0" encoding="UTF-8"?>
<!-- Generated by org.testng.reporters.JUnitReportReporter -->
<testsuite skipped="0" hostname="Acer-PC" name="TestNG.FlipkartTestNG" tests="4" failures="0" timestamp="04 Sep 2019 05:51:22 GMT" time="56.580" errors="0">
  <testcase name="Login" time="6.453" classname="TestNG.FlipkartTestNG"/>
  <testcase name="SearchItem" time="14.469" classname="TestNG.FlipkartTestNG"/>
  <testcase name="addToCartItem" time="27.027" classname="TestNG.FlipkartTestNG"/>
  <testcase name="Logout" time="8.631" classname="TestNG.FlipkartTestNG"/>
</testsuite> <!-- TestNG.FlipkartTestNG -->
