<?xml version="1.0" encoding="UTF-8"?>
<!-- Generated by org.testng.reporters.JUnitReportReporter -->
<testsuite skipped="0" hostname="Acer-PC" name="TestNG.CrossbrowserExample" tests="2" failures="0" timestamp="30 Aug 2019 07:30:46 GMT" time="0.654" errors="0">
  <testcase name="Testone" time="0.238" classname="TestNG.CrossbrowserExample"/>
  <testcase name="Testone" time="0.416" classname="TestNG.CrossbrowserExample"/>
</testsuite> <!-- TestNG.CrossbrowserExample -->
