<?xml version="1.0" encoding="UTF-8"?>
<!-- Generated by org.testng.reporters.JUnitReportReporter -->
<testsuite skipped="0" hostname="Acer-PC" name="TestNG.SampleCode" tests="3" failures="0" timestamp="27 Aug 2019 08:21:50 GMT" time="0.026" errors="0">
  <testcase name="Mul" time="0.003" classname="TestNG.SampleCode"/>
  <testcase name="Add" time="0.021" classname="TestNG.SampleCode"/>
  <testcase name="Sub" time="0.002" classname="TestNG.SampleCode"/>
</testsuite> <!-- TestNG.SampleCode -->
