<?xml version="1.0" encoding="UTF-8"?>
<!-- Generated by org.testng.reporters.JUnitReportReporter -->
<testsuite skipped="0" hostname="Acer-PC" name="TestNG.parallelmethodexample" tests="2" failures="0" timestamp="03 Sep 2019 05:24:57 GMT" time="21.103" errors="0">
  <testcase name="testwo" time="11.056" classname="TestNG.parallelmethodexample"/>
  <testcase name="testone" time="10.047" classname="TestNG.parallelmethodexample"/>
</testsuite> <!-- TestNG.parallelmethodexample -->
