<?xml version="1.0" encoding="UTF-8"?>
<!-- Generated by org.testng.reporters.JUnitReportReporter -->
<testsuite skipped="0" hostname="Acer-PC" name="TestNG.Reporterlogexample" tests="1" failures="0" timestamp="03 Sep 2019 05:49:33 GMT" time="27.565" errors="0">
  <testcase name="f" time="27.565" classname="TestNG.Reporterlogexample"/>
</testsuite> <!-- TestNG.Reporterlogexample -->
