<?xml version="1.0" encoding="UTF-8"?>
<!-- Generated by org.testng.reporters.JUnitReportReporter -->
<testsuite skipped="0" hostname="Acer-PC" name="TestNG.testNG_Googleseach" tests="1" failures="0" timestamp="21 Aug 2019 05:07:59 GMT" time="2.631" errors="0">
  <testcase name="searchdata" time="2.631" classname="TestNG.testNG_Googleseach"/>
</testsuite> <!-- TestNG.testNG_Googleseach -->
